# JRE version: OpenJDK Runtime Environment (11.0.10) (build 11.0.10+0-b96-7249189)
# Java VM: OpenJDK 64-Bit Server VM (11.0.10+0-b96-7249189, mixed mode, tiered, compressed oops, g1 gc, windows-amd64)
Heap:
 garbage-first heap   total 218112K, used 124462K [0x0000000080000000, 0x0000000100000000)
  region size 1024K, 26 young (26624K), 1 survivors (1024K)
 Metaspace       used 132988K, capacity 137554K, committed 137804K, reserved 1169408K
  class space    used 15842K, capacity 17432K, committed 17484K, reserved 1048576K
GC Heap History (20 events):
Event: 6868.895 GC heap before
{Heap before GC invocations=207 (full 0):
 garbage-first heap   total 210944K, used 95324K [0x0000000080000000, 0x0000000100000000)
  region size 1024K, 10 young (10240K), 7 survivors (7168K)
 Metaspace       used 132690K, capacity 137096K, committed 137292K, reserved 1169408K
  class space    used 15830K, capacity 17413K, committed 17484K, reserved 1048576K
}
Event: 6868.914 GC heap after
{Heap after GC invocations=208 (full 0):
 garbage-first heap   total 210944K, used 87845K [0x0000000080000000, 0x0000000100000000)
  region size 1024K, 1 young (1024K), 1 survivors (1024K)
 Metaspace       used 132690K, capacity 137096K, committed 137292K, reserved 1169408K
  class space    used 15830K, capacity 17413K, committed 17484K, reserved 1048576K
}
Event: 6870.654 GC heap before
{Heap before GC invocations=208 (full 0):
 garbage-first heap   total 210944K, used 164645K [0x0000000080000000, 0x0000000100000000)
  region size 1024K, 77 young (78848K), 1 survivors (1024K)
 Metaspace       used 132749K, capacity 137114K, committed 137292K, reserved 1169408K
  class space    used 15831K, capacity 17415K, committed 17484K, reserved 1048576K
}
Event: 6870.663 GC heap after
{Heap after GC invocations=209 (full 0):
 garbage-first heap   total 210944K, used 92458K [0x0000000080000000, 0x0000000100000000)
  region size 1024K, 6 young (6144K), 6 survivors (6144K)
 Metaspace       used 132749K, capacity 137114K, committed 137292K, reserved 1169408K
  class space    used 15831K, capacity 17415K, committed 17484K, reserved 1048576K
}
Event: 6871.900 GC heap before
{Heap before GC invocations=210 (full 0):
 garbage-first heap   total 210944K, used 171306K [0x0000000080000000, 0x0000000100000000)
  region size 1024K, 80 young (81920K), 6 survivors (6144K)
 Metaspace       used 132813K, capacity 137233K, committed 137548K, reserved 1169408K
  class space    used 15836K, capacity 17424K, committed 17484K, reserved 1048576K
}
Event: 6871.910 GC heap after
{Heap after GC invocations=211 (full 0):
 garbage-first heap   total 210944K, used 98779K [0x0000000080000000, 0x0000000100000000)
  region size 1024K, 10 young (10240K), 10 survivors (10240K)
 Metaspace       used 132813K, capacity 137233K, committed 137548K, reserved 1169408K
  class space    used 15836K, capacity 17424K, committed 17484K, reserved 1048576K
}
Event: 6871.917 GC heap before
{Heap before GC invocations=211 (full 0):
 garbage-first heap   total 210944K, used 99803K [0x0000000080000000, 0x0000000100000000)
  region size 1024K, 11 young (11264K), 10 survivors (10240K)
 Metaspace       used 132813K, capacity 137233K, committed 137548K, reserved 1169408K
  class space    used 15836K, capacity 17424K, committed 17484K, reserved 1048576K
}
Event: 6871.936 GC heap after
{Heap after GC invocations=212 (full 0):
 garbage-first heap   total 210944K, used 93289K [0x0000000080000000, 0x0000000100000000)
  region size 1024K, 1 young (1024K), 1 survivors (1024K)
 Metaspace       used 132813K, capacity 137233K, committed 137548K, reserved 1169408K
  class space    used 15836K, capacity 17424K, committed 17484K, reserved 1048576K
}
Event: 6873.021 GC heap before
{Heap before GC invocations=212 (full 0):
 garbage-first heap   total 210944K, used 162921K [0x0000000080000000, 0x0000000100000000)
  region size 1024K, 71 young (72704K), 1 survivors (1024K)
 Metaspace       used 132905K, capacity 137344K, committed 137548K, reserved 1169408K
  class space    used 15840K, capacity 17431K, committed 17484K, reserved 1048576K
}
Event: 6873.053 GC heap after
{Heap after GC invocations=213 (full 0):
 garbage-first heap   total 210944K, used 102313K [0x0000000080000000, 0x0000000100000000)
  region size 1024K, 10 young (10240K), 10 survivors (10240K)
 Metaspace       used 132905K, capacity 137344K, committed 137548K, reserved 1169408K
  class space    used 15840K, capacity 17431K, committed 17484K, reserved 1048576K
}
Event: 6914.370 GC heap before
{Heap before GC invocations=214 (full 0):
 garbage-first heap   total 210944K, used 196521K [0x0000000080000000, 0x0000000100000000)
  region size 1024K, 75 young (76800K), 10 survivors (10240K)
 Metaspace       used 132937K, capacity 137413K, committed 137548K, reserved 1169408K
  class space    used 15840K, capacity 17431K, committed 17484K, reserved 1048576K
}
Event: 6914.393 GC heap after
{Heap after GC invocations=215 (full 0):
 garbage-first heap   total 218112K, used 110108K [0x0000000080000000, 0x0000000100000000)
  region size 1024K, 10 young (10240K), 10 survivors (10240K)
 Metaspace       used 132937K, capacity 137413K, committed 137548K, reserved 1169408K
  class space    used 15840K, capacity 17431K, committed 17484K, reserved 1048576K
}
Event: 6914.399 GC heap before
{Heap before GC invocations=215 (full 0):
 garbage-first heap   total 218112K, used 111132K [0x0000000080000000, 0x0000000100000000)
  region size 1024K, 11 young (11264K), 10 survivors (10240K)
 Metaspace       used 132937K, capacity 137413K, committed 137548K, reserved 1169408K
  class space    used 15840K, capacity 17431K, committed 17484K, reserved 1048576K
}
Event: 6914.413 GC heap after
{Heap after GC invocations=216 (full 0):
 garbage-first heap   total 218112K, used 109494K [0x0000000080000000, 0x0000000100000000)
  region size 1024K, 1 young (1024K), 1 survivors (1024K)
 Metaspace       used 132937K, capacity 137413K, committed 137548K, reserved 1169408K
  class space    used 15840K, capacity 17431K, committed 17484K, reserved 1048576K
}
Event: 6914.493 GC heap before
{Heap before GC invocations=216 (full 0):
 garbage-first heap   total 218112K, used 140214K [0x0000000080000000, 0x0000000100000000)
  region size 1024K, 33 young (33792K), 1 survivors (1024K)
 Metaspace       used 132937K, capacity 137413K, committed 137548K, reserved 1169408K
  class space    used 15840K, capacity 17431K, committed 17484K, reserved 1048576K
}
Event: 6914.502 GC heap after
{Heap after GC invocations=217 (full 0):
 garbage-first heap   total 218112K, used 114815K [0x0000000080000000, 0x0000000100000000)
  region size 1024K, 6 young (6144K), 6 survivors (6144K)
 Metaspace       used 132937K, capacity 137413K, committed 137548K, reserved 1169408K
  class space    used 15840K, capacity 17431K, committed 17484K, reserved 1048576K
}
Event: 6921.590 GC heap before
{Heap before GC invocations=218 (full 0):
 garbage-first heap   total 218112K, used 182399K [0x0000000080000000, 0x0000000100000000)
  region size 1024K, 58 young (59392K), 6 survivors (6144K)
 Metaspace       used 132954K, capacity 137419K, committed 137548K, reserved 1169408K
  class space    used 15842K, capacity 17432K, committed 17484K, reserved 1048576K
}
Event: 6921.598 GC heap after
{Heap after GC invocations=219 (full 0):
 garbage-first heap   total 218112K, used 113741K [0x0000000080000000, 0x0000000100000000)
  region size 1024K, 3 young (3072K), 3 survivors (3072K)
 Metaspace       used 132954K, capacity 137419K, committed 137548K, reserved 1169408K
  class space    used 15842K, capacity 17432K, committed 17484K, reserved 1048576K
}
Event: 6921.633 GC heap before
{Heap before GC invocations=219 (full 0):
 garbage-first heap   total 218112K, used 119885K [0x0000000080000000, 0x0000000100000000)
  region size 1024K, 10 young (10240K), 3 survivors (3072K)
 Metaspace       used 132960K, capacity 137424K, committed 137548K, reserved 1169408K
  class space    used 15842K, capacity 17432K, committed 17484K, reserved 1048576K
}
Event: 6921.648 GC heap after
{Heap after GC invocations=220 (full 0):
 garbage-first heap   total 218112K, used 100910K [0x0000000080000000, 0x0000000100000000)
  region size 1024K, 1 young (1024K), 1 survivors (1024K)
 Metaspace       used 132960K, capacity 137424K, committed 137548K, reserved 1169408K
  class space    used 15842K, capacity 17432K, committed 17484K, reserved 1048576K
}

